<?xml version="1.0" encoding="UTF-8"?>
<!-- Generated by org.testng.reporters.JUnitReportReporter -->
<testsuite hostname="Shubham" failures="0" tests="1" name="driverFactory.AppTest" time="23.741" errors="0" timestamp="2024-09-27T15:23:39 IST" skipped="0">
  <testcase classname="driverFactory.AppTest" name="kickStart" time="23.741"/>
</testsuite> <!-- driverFactory.AppTest -->
