<?xml version="1.0" encoding="UTF-8"?>
<!-- Generated by org.testng.reporters.JUnitReportReporter -->
<testsuite hostname="Shubham" failures="0" tests="1" name="driverFactory.AppTest" time="17.842" errors="0" timestamp="2024-02-23T23:04:21 IST" skipped="0">
  <testcase classname="driverFactory.AppTest" name="kickStart" time="17.842"/>
</testsuite> <!-- driverFactory.AppTest -->
